<?xml version="1.0" encoding="UTF-8"?>
<!-- Generated by org.testng.reporters.JUnitXMLReporter -->
<testsuite ignored="4" hostname="zeenat" failures="1" tests="3" name="Test" time="114.729" errors="0" timestamp="2025-07-05T20:45:24 IST">
  <testcase classname="Campaigns.CreateCampaignTest" name="CreateCampaignTest" time="21.187"/>
  <testcase classname="Campaigns.CreateCampaignWithProductTest" name="CreateCampaignWithProductTest" time="37.822"/>
  <testcase classname="Contacts.CreateContactTest" name="CreateContactTest" time="18.127">
    <failure type="java.lang.AssertionError" message="-----------------FAILING-------------------">
      <![CDATA[java.lang.AssertionError: -----------------FAILING-------------------
at Contacts.CreateContactTest.CreateContactTest(CreateContactTest.java:55)
at java.base/java.util.ArrayList.forEach(ArrayList.java:1596)
... Removed 26 stack frames]]>
    </failure>
  </testcase> <!-- CreateContactTest -->
  <testcase classname="Generic_Utilities.BaseClass" name="@AfterTest AT" time="0.0">
    <ignored/>
  </testcase> <!-- @AfterTest AT -->
  <testcase classname="Generic_Utilities.BaseClass" name="@AfterTest AT" time="0.0">
    <ignored/>
  </testcase> <!-- @AfterTest AT -->
  <testcase classname="Generic_Utilities.BaseClass" name="@BeforeTest BT" time="0.0">
    <ignored/>
  </testcase> <!-- @BeforeTest BT -->
  <testcase classname="Generic_Utilities.BaseClass" name="@BeforeTest BT" time="0.0">
    <ignored/>
  </testcase> <!-- @BeforeTest BT -->
</testsuite> <!-- Test -->
